0 info it worked if it ends with ok
1 verbose cli [ '/usr/local/bin/node', '/usr/local/bin/npm', 'publish' ]
2 info using npm@3.10.3
3 info using node@v6.3.1
4 verbose publish [ '.' ]
5 silly cache add args [ '.', null ]
6 verbose cache add spec .
7 silly cache add parsed spec Result {
7 silly cache add   raw: '.',
7 silly cache add   scope: null,
7 silly cache add   escapedName: null,
7 silly cache add   name: null,
7 silly cache add   rawSpec: '.',
7 silly cache add   spec: '/Users/suhail/Sites/react-draggable',
7 silly cache add   type: 'directory' }
8 verbose addLocalDirectory /Users/suhail/.npm/react-draggable/1.0.0/package.tgz not in flight; packing
9 verbose correctMkdir /Users/suhail/.npm correctMkdir not in flight; initializing
10 info lifecycle react-draggable@1.0.0~prepublish: react-draggable@1.0.0
11 silly lifecycle react-draggable@1.0.0~prepublish: no script for prepublish, continuing
12 verbose tar pack [ '/Users/suhail/.npm/react-draggable/1.0.0/package.tgz',
12 verbose tar pack   '/Users/suhail/Sites/react-draggable' ]
13 verbose tarball /Users/suhail/.npm/react-draggable/1.0.0/package.tgz
14 verbose folder /Users/suhail/Sites/react-draggable
15 verbose addLocalTarball adding from inside cache /Users/suhail/.npm/react-draggable/1.0.0/package.tgz
16 verbose correctMkdir /Users/suhail/.npm correctMkdir not in flight; initializing
17 silly cache afterAdd react-draggable@1.0.0
18 verbose afterAdd /Users/suhail/.npm/react-draggable/1.0.0/package/package.json not in flight; writing
19 verbose correctMkdir /Users/suhail/.npm correctMkdir not in flight; initializing
20 verbose afterAdd /Users/suhail/.npm/react-draggable/1.0.0/package/package.json written
21 silly publish { name: 'react-draggable',
21 silly publish   version: '1.0.0',
21 silly publish   description: 'A draggable component written in TypeScript for both HTML and SVG applications. The component is also compiled and minified to be used with JSPM. ',
21 silly publish   main: 'lib/index.js',
21 silly publish   scripts: { test: 'echo "Error: no test specified" && exit 1' },
21 silly publish   repository:
21 silly publish    { type: 'git',
21 silly publish      url: 'git+https://github.com/suhdev/react-draggable.git' },
21 silly publish   keywords: [ 'Draggable', 'TypeScript', 'SVG', 'HTML' ],
21 silly publish   author:
21 silly publish    { name: 'Suhail Abood',
21 silly publish      email: 'suhail.abood@gmail.com',
21 silly publish      url: 'suhailabood.me' },
21 silly publish   license: 'ISC',
21 silly publish   bugs: { url: 'https://github.com/suhdev/react-draggable/issues' },
21 silly publish   homepage: 'https://github.com/suhdev/react-draggable#readme',
21 silly publish   devDependencies:
21 silly publish    { jslint: '^0.10.1',
21 silly publish      jspm: '^0.16.42',
21 silly publish      tslint: '^3.14.0',
21 silly publish      typescript: '^1.8.10' },
21 silly publish   dependencies: { 'd3-drag': '^1.0.1', 'd3-zoom': '^1.0.3' },
21 silly publish   jspm:
21 silly publish    { registry: 'npm',
21 silly publish      main: 'es6/index.js',
21 silly publish      format: 'es6',
21 silly publish      dependencies:
21 silly publish       { 'd3-drag': 'npm:d3-drag@^1.0.1',
21 silly publish         'd3-zoom': 'npm:d3-zoom@^1.0.3',
21 silly publish         react: 'npm:react@^15.3.0',
21 silly publish         'react-dom': 'npm:react-dom@^15.3.0' },
21 silly publish      devDependencies:
21 silly publish       { babel: 'npm:babel-core@^5.8.24',
21 silly publish         'babel-runtime': 'npm:babel-runtime@^5.8.24',
21 silly publish         'core-js': 'npm:core-js@^1.1.4' } },
21 silly publish   typings: './react-draggable.d.ts',
21 silly publish   readme: '# react-draggable \n\nA library that provides four React components including:\n1. Draggable: adds drag behavior to its child component given that the child component is an HTMLElement with arbitrary content.  \n2. SVGDraggable: adds drag behavior to its child component given that the given component is an SVG component. \n3. Zoomable: adds zoom behavior to HTML components.  \n4. SVGZoomable: adds zoom behavior to SVG components. \n\n\n## Dependences\nD3: this library uses d3.behavior.drag, and d3.behavior.zoom to add the behavior to react components. \n\n## Example\n\n```javascript\n\nimport * as React from \'react\';\nimport * as ReactDOM from \'react-dom\'; \nimport {Draggable} from \'react-draggable\';\n\nReactDOM.render(\n    <Draggable>\n        <div className="draggable-element">Drag Me</div>\n    </Draggable>\n,document.getElementById(\'TestCanvas\')); \n\n\nimport * as React from \'react\';\nimport * as ReactDOM from \'react-dom\'; \nimport {SVGDraggable} from \'react-draggable\';\n\nReactDOM.render(\n    <SVGDraggable>\n        <circle className="draggable-element" />\n    </SVGDraggable>,document.getElementById(\'SVGCanvas\')); \n\n//Zoomable \nimport * as React from \'react\';\nimport * as ReactDOM from \'react-dom\'; \nimport {Zoomable} from \'react-draggable\';\n\nReactDOM.render(\n    <Zoomable>\n        <div className="element-1">Button</div>\n        <div className="element-2">Something else</div>\n    </Zoomable>\n,document.getElementById(\'TestCanvas\')); \n\n\nimport * as React from \'react\';\nimport * as ReactDOM from \'react-dom\'; \nimport {SVGZoomable} from \'react-draggable\';\n\nReactDOM.render(\n    <SVGZoomable>\n        <circle className="element el-1" />\n        <circle className="element el-2" />\n    </SVGZoomable>,document.getElementById(\'SVGCanvas\')); \n\n\n```\n\n\n## Notes\nBoth Draggable and SVGDraggable do not add extra HTML/SVG elements to the DOM, but rather apply the drag behavior to the wrapped child element. \n\n\n### Future work\n* Allow Draggable component to accept multiple top-level children such that all children receive the behavior.\n\n\n\n\nSuhail Abood &copy; 2016  ',
21 silly publish   readmeFilename: 'README.md',
21 silly publish   gitHead: '7005dee644771e3c7929d1c962c59ccd9329f400',
21 silly publish   _id: 'react-draggable@1.0.0',
21 silly publish   _shasum: 'f28890084e9d031e065384c2b507663bb6a9fc78',
21 silly publish   _from: '.' }
22 verbose getPublishConfig undefined
23 silly mapToRegistry name react-draggable
24 silly mapToRegistry using default registry
25 silly mapToRegistry registry https://registry.npmjs.org/
26 silly mapToRegistry data Result {
26 silly mapToRegistry   raw: 'react-draggable',
26 silly mapToRegistry   scope: null,
26 silly mapToRegistry   escapedName: 'react-draggable',
26 silly mapToRegistry   name: 'react-draggable',
26 silly mapToRegistry   rawSpec: '',
26 silly mapToRegistry   spec: 'latest',
26 silly mapToRegistry   type: 'tag' }
27 silly mapToRegistry uri https://registry.npmjs.org/react-draggable
28 verbose publish registryBase https://registry.npmjs.org/
29 silly publish uploading /Users/suhail/.npm/react-draggable/1.0.0/package.tgz
30 verbose request uri https://registry.npmjs.org/react-draggable
31 verbose request sending authorization for write operation
32 info attempt registry request try #1 at 9:42:42 PM
33 verbose request using bearer token for auth
34 verbose request id 3290064df4c87953
35 http request PUT https://registry.npmjs.org/react-draggable
36 http 403 https://registry.npmjs.org/react-draggable
37 verbose headers { 'content-type': 'application/json',
37 verbose headers   'cache-control': 'max-age=300',
37 verbose headers   'content-length': '109',
37 verbose headers   'accept-ranges': 'bytes',
37 verbose headers   date: 'Fri, 12 Aug 2016 20:42:43 GMT',
37 verbose headers   via: '1.1 varnish',
37 verbose headers   connection: 'keep-alive',
37 verbose headers   'x-served-by': 'cache-lcy1123-LCY',
37 verbose headers   'x-cache': 'MISS',
37 verbose headers   'x-cache-hits': '0',
37 verbose headers   'x-timer': 'S1471034562.468162,VS0,VE721',
37 verbose headers   vary: 'Accept-Encoding' }
38 verbose request invalidating /Users/suhail/.npm/registry.npmjs.org/react-draggable on PUT
39 error publish Failed PUT 403
40 verbose stack Error: you do not have permission to publish "react-draggable". Are you logged in as the correct user? : react-draggable
40 verbose stack     at makeError (/usr/local/lib/node_modules/npm/node_modules/npm-registry-client/lib/request.js:264:12)
40 verbose stack     at CachingRegistryClient.<anonymous> (/usr/local/lib/node_modules/npm/node_modules/npm-registry-client/lib/request.js:252:14)
40 verbose stack     at Request._callback (/usr/local/lib/node_modules/npm/node_modules/npm-registry-client/lib/request.js:172:14)
40 verbose stack     at Request.self.callback (/usr/local/lib/node_modules/npm/node_modules/request/request.js:200:22)
40 verbose stack     at emitTwo (events.js:106:13)
40 verbose stack     at Request.emit (events.js:191:7)
40 verbose stack     at Request.<anonymous> (/usr/local/lib/node_modules/npm/node_modules/request/request.js:1067:10)
40 verbose stack     at emitOne (events.js:101:20)
40 verbose stack     at Request.emit (events.js:188:7)
40 verbose stack     at IncomingMessage.<anonymous> (/usr/local/lib/node_modules/npm/node_modules/request/request.js:988:12)
41 verbose statusCode 403
42 verbose pkgid react-draggable
43 verbose cwd /Users/suhail/Sites/react-draggable
44 error Darwin 15.6.0
45 error argv "/usr/local/bin/node" "/usr/local/bin/npm" "publish"
46 error node v6.3.1
47 error npm  v3.10.3
48 error code E403
49 error you do not have permission to publish "react-draggable". Are you logged in as the correct user? : react-draggable
50 error If you need help, you may report this error at:
50 error     <https://github.com/npm/npm/issues>
51 verbose exit [ 1, true ]
